[Core]: Saper game core v. 1.0 beta
[Core]: TimeOut connection Service was been started
[Generate map] create region#0
[Generate map] create region#10
[Generate map] create region#20
[Generate map]: downMove creating in {'X': 4, 'Y': 1}
[Generate map] create region#30
[Generate map] create region#40
[Generate map]: downMove creating in {'X': 7, 'Y': 1}
[Generate map] create region#50
[Generate map] create region#59
[Generate map]: rightMove creating in {'X': 2, 'Y': 1}
[Generate map] create region#68
[Generate map]: downMove creating in {'X': 3, 'Y': 2}
[Generate map] create region#77
[Generate map]: rightMove creating in {'X': 6, 'Y': 1}
[Generate map] create region#86
[Generate map] create region#94
[Generate map] create region#102
[Generate map]: rightMove creating in {'X': 3, 'Y': 2}
[Generate map] create region#110
[Generate map]: rightMove creating in {'X': 5, 'Y': 2}
[Generate map] create region#118
[Generate map]: leftMove creating in {'X': 5, 'Y': 2}
[Generate map] create region#126
[Generate map]: rightMove creating in {'X': 9, 'Y': 2}
[Generate map] create region#133
[Generate map]: rightMove creating in {'X': 1, 'Y': 3}
[Generate map] create region#140
[Generate map] create region#147
[Generate map]: rightMove creating in {'X': 5, 'Y': 3}
[Generate map] create region#154
[Generate map]: leftMove creating in {'X': 5, 'Y': 3}
[Generate map] create region#161
[Generate map] create region#168
[Generate map] create region#174
[Generate map] create region#180
[Generate map] create region#186
[Generate map]: downMove creating in {'X': 8, 'Y': 5}
[Generate map] create region#192
[Generate map] create region#197
[Generate map]: rightMove creating in {'X': 1, 'Y': 5}
[Generate map] create region#202
[Generate map]: rightMove creating in {'X': 3, 'Y': 5}
[Generate map] create region#207
[Generate map]: upMove creating in {'X': 4, 'Y': 4}
[Generate map] create region#212
[Generate map]: leftMove creating in {'X': 4, 'Y': 5}
[Generate map] create region#217
[Generate map] create region#221
[Generate map]: downMove creating in {'X': 0, 'Y': 7}
[Generate map] create region#225
[Generate map]: downMove creating in {'X': 1, 'Y': 7}
[Generate map] create region#229
[Generate map]: upMove creating in {'X': 2, 'Y': 5}
[Generate map] create region#233
[Generate map]: rightMove creating in {'X': 5, 'Y': 6}
[Generate map] create region#237
[Generate map]: upMove creating in {'X': 8, 'Y': 5}
[Generate map] create region#241
[Generate map] create region#244
[Generate map]: leftMove creating in {'X': 1, 'Y': 7}
[Generate map] create region#247
[Generate map]: leftMove creating in {'X': 2, 'Y': 7}
[Generate map] create region#250
[Generate map]: leftMove creating in {'X': 3, 'Y': 7}
[Generate map] create region#253
[Generate map]: upMove creating in {'X': 5, 'Y': 6}
[Generate map] create region#256
[Generate map] create region#258
[Generate map]: downMove creating in {'X': 0, 'Y': 9}
[Generate map] create region#260
[Generate map]: leftMove creating in {'X': 0, 'Y': 8}
[Generate map] create region#262
[Generate map]: upMove creating in {'X': 2, 'Y': 7}
[Generate map] create region#264
[Generate map]: leftMove creating in {'X': 2, 'Y': 8}
[Generate map] create region#266
[Generate map]: leftMove creating in {'X': 3, 'Y': 8}
[Generate map] create region#268
[Generate map]: rightMove creating in {'X': 6, 'Y': 8}
[Generate map] create region#270
[Generate map]: downMove creating in {'X': 7, 'Y': 9}
[Generate map] create region#272
[Generate map]: downMove creating in {'X': 8, 'Y': 9}
[Generate map] create region#274
[Generate map]: upMove creating in {'X': 9, 'Y': 7}
[Generate map] create region#275
[Generate map] create region#276
[Generate map]: upMove creating in {'X': 3, 'Y': 8}
[Generate map] create region#277
[Generate map]: rightMove creating in {'X': 5, 'Y': 9}
[Generate map] create region#278
[Generate map]: upMove creating in {'X': 6, 'Y': 8}
[Generate map] create region#279
[Generate map]: combine the regions
[Generate map]: cursore in rowID 0
[Generate map]: cursore in cellID 0
[Generate map]: combine region R0
[Generate map]: cursore in cellID 1
[Generate map]: cursore in cellID 2
[Generate map]: combine region R10
[rgReplace function]: started.
[rgReplace function]: row#0
[rgReplace function]: cell#0
[rgReplace function]: cell#1
[rgReplace function]: cell#2
[rgReplace function]: cell#3
[rgReplace function]: cell#4
[rgReplace function]: cell#5
[rgReplace function]: cell#6
[rgReplace function]: cell#7
[rgReplace function]: cell#8
[rgReplace function]: cell#9
[rgReplace function]: row#1
[rgReplace function]: cell#0
[rgReplace function]: cell#1
[rgReplace function]: replacing...
[rgReplace function]: cell#2
[rgReplace function]: replacing...
[rgReplace function]: cell#3
[rgReplace function]: cell#4
[rgReplace function]: cell#5
[rgReplace function]: cell#6
[rgReplace function]: cell#7
[rgReplace function]: cell#8
[rgReplace function]: cell#9
[rgReplace function]: row#2
[rgReplace function]: cell#0
[rgReplace function]: cell#1
[rgReplace function]: cell#2
[rgReplace function]: cell#3
[rgReplace function]: cell#4
[rgReplace function]: cell#5
[rgReplace function]: cell#6
[rgReplace function]: cell#7
[rgReplace function]: cell#8
[rgReplace function]: cell#9
[rgReplace function]: row#3
[rgReplace function]: cell#0
[rgReplace function]: cell#1
[rgReplace function]: cell#2
[rgReplace function]: cell#3
[rgReplace function]: cell#4
[rgReplace function]: cell#5
[rgReplace function]: cell#6
[rgReplace function]: cell#7
[rgReplace function]: cell#8
[rgReplace function]: cell#9
[rgReplace function]: row#4
[rgReplace function]: cell#0
[rgReplace function]: cell#1
[rgReplace function]: cell#2
[rgReplace function]: cell#3
[rgReplace function]: cell#4
[rgReplace function]: cell#5
[rgReplace function]: cell#6
[rgReplace function]: cell#7
[rgReplace function]: cell#8
[rgReplace function]: cell#9
[rgReplace function]: row#5
[rgReplace function]: cell#0
[rgReplace function]: cell#1
[rgReplace function]: cell#2
[rgReplace function]: cell#3
[rgReplace function]: cell#4
[rgReplace function]: cell#5
[rgReplace function]: cell#6
[rgReplace function]: cell#7
[rgReplace function]: cell#8
[rgReplace function]: cell#9
[rgReplace function]: row#6
[rgReplace function]: cell#0
[rgReplace function]: cell#1
[rgReplace function]: cell#2
[rgReplace function]: cell#3
[rgReplace function]: cell#4
[rgReplace function]: cell#5
[rgReplace function]: cell#6
[rgReplace function]: cell#7
[rgReplace function]: cell#8
[rgReplace function]: cell#9
[rgReplace function]: row#7
[rgReplace function]: cell#0
[rgReplace function]: cell#1
[rgReplace function]: cell#2
[rgReplace function]: cell#3
[rgReplace function]: cell#4
[rgReplace function]: cell#5
[rgReplace function]: cell#6
[rgReplace function]: cell#7
[rgReplace function]: cell#8
[rgReplace function]: cell#9
[rgReplace function]: row#8
[rgReplace function]: cell#0
[rgReplace function]: cell#1
[rgReplace function]: cell#2
[rgReplace function]: cell#3
[rgReplace function]: cell#4
[rgReplace function]: cell#5
[rgReplace function]: cell#6
[rgReplace function]: cell#7
[rgReplace function]: cell#8
[rgReplace function]: cell#9
[rgReplace function]: row#9
[rgReplace function]: cell#0
[rgReplace function]: cell#1
[rgReplace function]: cell#2
[rgReplace function]: cell#3
[rgReplace function]: cell#4
[rgReplace function]: cell#5
[rgReplace function]: cell#6
[rgReplace function]: cell#7
[rgReplace function]: cell#8
[rgReplace function]: cell#9
[Generate map]: combine the region to R10
[Generate map]: cursore in cellID 3
[Generate map]: cursore in cellID 4
[Generate map]: combine region R20
[rgReplace function]: started.
[rgReplace function]: row#0
[rgReplace function]: cell#0
[rgReplace function]: cell#1
[rgReplace function]: cell#2
[rgReplace function]: cell#3
[rgReplace function]: cell#4
[rgReplace function]: cell#5
[rgReplace function]: replacing...
[rgReplace function]: cell#6
[rgReplace function]: cell#7
[rgReplace function]: cell#8
[rgReplace function]: cell#9
[rgReplace function]: row#1
[rgReplace function]: cell#0
[rgReplace function]: cell#1
[rgReplace function]: cell#2
[rgReplace function]: cell#3
[rgReplace function]: cell#4
[rgReplace function]: cell#5
[rgReplace function]: cell#6
[rgReplace function]: cell#7
[rgReplace function]: cell#8
[rgReplace function]: cell#9
[rgReplace function]: row#2
[rgReplace function]: cell#0
[rgReplace function]: cell#1
[rgReplace function]: cell#2
[rgReplace function]: cell#3
[rgReplace function]: cell#4
[rgReplace function]: cell#5
[rgReplace function]: cell#6
[rgReplace function]: cell#7
[rgReplace function]: cell#8
[rgReplace function]: cell#9
[rgReplace function]: row#3
[rgReplace function]: cell#0
[rgReplace function]: cell#1
[rgReplace function]: cell#2
[rgReplace function]: cell#3
[rgReplace function]: cell#4
[rgReplace function]: cell#5
[rgReplace function]: cell#6
[rgReplace function]: cell#7
[rgReplace function]: cell#8
[rgReplace function]: cell#9
[rgReplace function]: row#4
[rgReplace function]: cell#0
[rgReplace function]: cell#1
[rgReplace function]: cell#2
[rgReplace function]: cell#3
[rgReplace function]: cell#4
[rgReplace function]: cell#5
[rgReplace function]: cell#6
[rgReplace function]: cell#7
[rgReplace function]: cell#8
[rgReplace function]: cell#9
[rgReplace function]: row#5
[rgReplace function]: cell#0
[rgReplace function]: cell#1
[rgReplace function]: cell#2
[rgReplace function]: cell#3
[rgReplace function]: cell#4
[rgReplace function]: cell#5
[rgReplace function]: cell#6
[rgReplace function]: cell#7
[rgReplace function]: cell#8
[rgReplace function]: cell#9
[rgReplace function]: row#6
[rgReplace function]: cell#0
[rgReplace function]: cell#1
[rgReplace function]: cell#2
[rgReplace function]: cell#3
[rgReplace function]: cell#4
[rgReplace function]: cell#5
[rgReplace function]: cell#6
[rgReplace function]: cell#7
[rgReplace function]: cell#8
[rgReplace function]: cell#9
[rgReplace function]: row#7
[rgReplace function]: cell#0
[rgReplace function]: cell#1
[rgReplace function]: cell#2
[rgReplace function]: cell#3
[rgReplace function]: cell#4
[rgReplace function]: cell#5
[rgReplace function]: cell#6
[rgReplace function]: cell#7
[rgReplace function]: cell#8
[rgReplace function]: cell#9
[rgReplace function]: row#8
[rgReplace function]: cell#0
[rgReplace function]: cell#1
[rgReplace function]: cell#2
[rgReplace function]: cell#3
[rgReplace function]: cell#4
[rgReplace function]: cell#5
[rgReplace function]: cell#6
[rgReplace function]: cell#7
[rgReplace function]: cell#8
[rgReplace function]: cell#9
[rgReplace function]: row#9
[rgReplace function]: cell#0
[rgReplace function]: cell#1
[rgReplace function]: cell#2
[rgReplace function]: cell#3
[rgReplace function]: cell#4
[rgReplace function]: cell#5
[rgReplace function]: cell#6
[rgReplace function]: cell#7
[rgReplace function]: cell#8
[rgReplace function]: cell#9
[Generate map]: combine the region to R20
[Generate map]: cursore in cellID 5
[Generate map]: combine region R20
[rgReplace function]: started.
[rgReplace function]: row#0
[rgReplace function]: cell#0
[rgReplace function]: cell#1
[rgReplace function]: cell#2
[rgReplace function]: cell#3
[rgReplace function]: cell#4
[rgReplace function]: cell#5
[rgReplace function]: cell#6
[rgReplace function]: cell#7
[rgReplace function]: cell#8
[rgReplace function]: cell#9
[rgReplace function]: row#1
[rgReplace function]: cell#0
[rgReplace function]: cell#1
[rgReplace function]: cell#2
[rgReplace function]: cell#3
[rgReplace function]: cell#4
[rgReplace function]: cell#5
[rgReplace function]: replacing...
[rgReplace function]: cell#6
[rgReplace function]: replacing...
[rgReplace function]: cell#7
[rgReplace function]: cell#8
[rgReplace function]: cell#9
[rgReplace function]: row#2
[rgReplace function]: cell#0
[rgReplace function]: cell#1
[rgReplace function]: cell#2
[rgReplace function]: cell#3
[rgReplace function]: cell#4
[rgReplace function]: cell#5
[rgReplace function]: cell#6
[rgReplace function]: cell#7
[rgReplace function]: cell#8
[rgReplace function]: cell#9
[rgReplace function]: row#3
[rgReplace function]: cell#0
[rgReplace function]: cell#1
[rgReplace function]: cell#2
[rgReplace function]: cell#3
[rgReplace function]: cell#4
[rgReplace function]: cell#5
[rgReplace function]: cell#6
[rgReplace function]: cell#7
[rgReplace function]: cell#8
[rgReplace function]: cell#9
[rgReplace function]: row#4
[rgReplace function]: cell#0
[rgReplace function]: cell#1
[rgReplace function]: cell#2
[rgReplace function]: cell#3
[rgReplace function]: cell#4
[rgReplace function]: cell#5
[rgReplace function]: cell#6
[rgReplace function]: cell#7
[rgReplace function]: cell#8
[rgReplace function]: cell#9
[rgReplace function]: row#5
[rgReplace function]: cell#0
[rgReplace function]: cell#1
[rgReplace function]: cell#2
[rgReplace function]: cell#3
[rgReplace function]: cell#4
[rgReplace function]: cell#5
[rgReplace function]: cell#6
[rgReplace function]: cell#7
[rgReplace function]: cell#8
[rgReplace function]: cell#9
[rgReplace function]: row#6
[rgReplace function]: cell#0
[rgReplace function]: cell#1
[rgReplace function]: cell#2
[rgReplace function]: cell#3
[rgReplace function]: cell#4
[rgReplace function]: cell#5
[rgReplace function]: cell#6
[rgReplace function]: cell#7
[rgReplace function]: cell#8
[rgReplace function]: cell#9
[rgReplace function]: row#7
[rgReplace function]: cell#0
[rgReplace function]: cell#1
[rgReplace function]: cell#2
[rgReplace function]: cell#3
[rgReplace function]: cell#4
[rgReplace function]: cell#5
[rgReplace function]: cell#6
[rgReplace function]: cell#7
[rgReplace function]: cell#8
[rgReplace function]: cell#9
[rgReplace function]: row#8
[rgReplace function]: cell#0
[rgReplace function]: cell#1
[rgReplace function]: cell#2
[rgReplace function]: cell#3
[rgReplace function]: cell#4
[rgReplace function]: cell#5
[rgReplace function]: cell#6
[rgReplace function]: cell#7
[rgReplace function]: cell#8
[rgReplace function]: cell#9
[rgReplace function]: row#9
[rgReplace function]: cell#0
[rgReplace function]: cell#1
[rgReplace function]: cell#2
[rgReplace function]: cell#3
[rgReplace function]: cell#4
[rgReplace function]: cell#5
[rgReplace function]: cell#6
[rgReplace function]: cell#7
[rgReplace function]: cell#8
[rgReplace function]: cell#9
[Generate map]: combine the region to R20
[Generate map]: cursore in cellID 6
[Generate map]: cursore in cellID 7
[Generate map]: combine region R40
[Generate map]: cursore in cellID 8
[Generate map]: combine region R50
[rgReplace function]: started.
[rgReplace function]: row#0
[rgReplace function]: cell#0
[rgReplace function]: cell#1
[rgReplace function]: cell#2
[rgReplace function]: cell#3
[rgReplace function]: cell#4
[rgReplace function]: cell#5
[rgReplace function]: cell#6
[rgReplace function]: cell#7
[rgReplace function]: cell#8
[rgReplace function]: replacing...
[rgReplace function]: cell#9
[rgReplace function]: row#1
[rgReplace function]: cell#0
[rgReplace function]: cell#1
[rgReplace function]: cell#2
[rgReplace function]: cell#3
[rgReplace function]: cell#4
[rgReplace function]: cell#5
[rgReplace function]: cell#6
[rgReplace function]: cell#7
[rgReplace function]: cell#8
[rgReplace function]: cell#9
[rgReplace function]: row#2
[rgReplace function]: cell#0
[rgReplace function]: cell#1
[rgReplace function]: cell#2
[rgReplace function]: cell#3
[rgReplace function]: cell#4
[rgReplace function]: cell#5
[rgReplace function]: cell#6
[rgReplace function]: cell#7
[rgReplace function]: cell#8
[rgReplace function]: cell#9
[rgReplace function]: row#3
[rgReplace function]: cell#0
[rgReplace function]: cell#1
[rgReplace function]: cell#2
[rgReplace function]: cell#3
[rgReplace function]: cell#4
[rgReplace function]: cell#5
[rgReplace function]: cell#6
[rgReplace function]: cell#7
[rgReplace function]: cell#8
[rgReplace function]: cell#9
[rgReplace function]: row#4
[rgReplace function]: cell#0
[rgReplace function]: cell#1
[rgReplace function]: cell#2
[rgReplace function]: cell#3
[rgReplace function]: cell#4
[rgReplace function]: cell#5
[rgReplace function]: cell#6
[rgReplace function]: cell#7
[rgReplace function]: cell#8
[rgReplace function]: cell#9
[rgReplace function]: row#5
[rgReplace function]: cell#0
[rgReplace function]: cell#1
[rgReplace function]: cell#2
[rgReplace function]: cell#3
[rgReplace function]: cell#4
[rgReplace function]: cell#5
[rgReplace function]: cell#6
[rgReplace function]: cell#7
[rgReplace function]: cell#8
[rgReplace function]: cell#9
[rgReplace function]: row#6
[rgReplace function]: cell#0
[rgReplace function]: cell#1
[rgReplace function]: cell#2
[rgReplace function]: cell#3
[rgReplace function]: cell#4
[rgReplace function]: cell#5
[rgReplace function]: cell#6
[rgReplace function]: cell#7
[rgReplace function]: cell#8
[rgReplace function]: cell#9
[rgReplace function]: row#7
[rgReplace function]: cell#0
[rgReplace function]: cell#1
[rgReplace function]: cell#2
[rgReplace function]: cell#3
[rgReplace function]: cell#4
[rgReplace function]: cell#5
[rgReplace function]: cell#6
[rgReplace function]: cell#7
[rgReplace function]: cell#8
[rgReplace function]: cell#9
[rgReplace function]: row#8
[rgReplace function]: cell#0
[rgReplace function]: cell#1
[rgReplace function]: cell#2
[rgReplace function]: cell#3
[rgReplace function]: cell#4
[rgReplace function]: cell#5
[rgReplace function]: cell#6
[rgReplace function]: cell#7
[rgReplace function]: cell#8
[rgReplace function]: cell#9
[rgReplace function]: row#9
[rgReplace function]: cell#0
[rgReplace function]: cell#1
[rgReplace function]: cell#2
[rgReplace function]: cell#3
[rgReplace function]: cell#4
[rgReplace function]: cell#5
[rgReplace function]: cell#6
[rgReplace function]: cell#7
[rgReplace function]: cell#8
[rgReplace function]: cell#9
[Generate map]: combine the region to R40
[Generate map]: cursore in cellID 9
[Generate map]: cursore in rowID 1
[Generate map]: cursore in cellID 0
[Generate map]: cursore in cellID 1
[Generate map]: combine region R10
[Generate map]: cursore in cellID 2
[Generate map]: combine region R10
[Generate map]: cursore in cellID 3
[Generate map]: combine region R68
[rgReplace function]: started.
[rgReplace function]: row#0
[rgReplace function]: cell#0
[rgReplace function]: cell#1
[rgReplace function]: cell#2
[rgReplace function]: cell#3
[rgReplace function]: cell#4
[rgReplace function]: cell#5
[rgReplace function]: cell#6
[rgReplace function]: cell#7
[rgReplace function]: cell#8
[rgReplace function]: cell#9
[rgReplace function]: row#1
[rgReplace function]: cell#0
[rgReplace function]: cell#1
[rgReplace function]: cell#2
[rgReplace function]: cell#3
[rgReplace function]: cell#4
[rgReplace function]: cell#5
[rgReplace function]: cell#6
[rgReplace function]: cell#7
[rgReplace function]: cell#8
[rgReplace function]: cell#9
[rgReplace function]: row#2
[rgReplace function]: cell#0
[rgReplace function]: cell#1
[rgReplace function]: cell#2
[rgReplace function]: replacing...
[rgReplace function]: cell#3
[rgReplace function]: replacing...
[rgReplace function]: cell#4
[rgReplace function]: cell#5
[rgReplace function]: cell#6
[rgReplace function]: cell#7
[rgReplace function]: cell#8
[rgReplace function]: cell#9
[rgReplace function]: row#3
[rgReplace function]: cell#0
[rgReplace function]: cell#1
[rgReplace function]: cell#2
[rgReplace function]: cell#3
[rgReplace function]: cell#4
[rgReplace function]: cell#5
[rgReplace function]: cell#6
[rgReplace function]: cell#7
[rgReplace function]: cell#8
[rgReplace function]: cell#9
[rgReplace function]: row#4
[rgReplace function]: cell#0
[rgReplace function]: cell#1
[rgReplace function]: cell#2
[rgReplace function]: cell#3
[rgReplace function]: cell#4
[rgReplace function]: cell#5
[rgReplace function]: cell#6
[rgReplace function]: cell#7
[rgReplace function]: cell#8
[rgReplace function]: cell#9
[rgReplace function]: row#5
[rgReplace function]: cell#0
[rgReplace function]: cell#1
[rgReplace function]: cell#2
[rgReplace function]: cell#3
[rgReplace function]: cell#4
[rgReplace function]: cell#5
[rgReplace function]: cell#6
[rgReplace function]: cell#7
[rgReplace function]: cell#8
[rgReplace function]: cell#9
[rgReplace function]: row#6
[rgReplace function]: cell#0
[rgReplace function]: cell#1
[rgReplace function]: cell#2
[rgReplace function]: cell#3
[rgReplace function]: cell#4
[rgReplace function]: cell#5
[rgReplace function]: cell#6
[rgReplace function]: cell#7
[rgReplace function]: cell#8
[rgReplace function]: cell#9
[rgReplace function]: row#7
[rgReplace function]: cell#0
[rgReplace function]: cell#1
[rgReplace function]: cell#2
[rgReplace function]: cell#3
[rgReplace function]: cell#4
[rgReplace function]: cell#5
[rgReplace function]: cell#6
[rgReplace function]: cell#7
[rgReplace function]: cell#8
[rgReplace function]: cell#9
[rgReplace function]: row#8
[rgReplace function]: cell#0
[rgReplace function]: cell#1
[rgReplace function]: cell#2
[rgReplace function]: cell#3
[rgReplace function]: cell#4
[rgReplace function]: cell#5
[rgReplace function]: cell#6
[rgReplace function]: cell#7
[rgReplace function]: cell#8
[rgReplace function]: cell#9
[rgReplace function]: row#9
[rgReplace function]: cell#0
[rgReplace function]: cell#1
[rgReplace function]: cell#2
[rgReplace function]: cell#3
[rgReplace function]: cell#4
[rgReplace function]: cell#5
[rgReplace function]: cell#6
[rgReplace function]: cell#7
[rgReplace function]: cell#8
[rgReplace function]: cell#9
[Generate map]: combine the region to R68
[rgReplace function]: started.
[rgReplace function]: row#0
[rgReplace function]: cell#0
[rgReplace function]: cell#1
[rgReplace function]: cell#2
[rgReplace function]: cell#3
[rgReplace function]: cell#4
[rgReplace function]: cell#5
[rgReplace function]: cell#6
[rgReplace function]: cell#7
[rgReplace function]: cell#8
[rgReplace function]: cell#9
[rgReplace function]: row#1
[rgReplace function]: cell#0
[rgReplace function]: cell#1
[rgReplace function]: cell#2
[rgReplace function]: cell#3
[rgReplace function]: replacing...
[rgReplace function]: cell#4
[rgReplace function]: cell#5
[rgReplace function]: cell#6
[rgReplace function]: cell#7
[rgReplace function]: cell#8
[rgReplace function]: cell#9
[rgReplace function]: row#2
[rgReplace function]: cell#0
[rgReplace function]: cell#1
[rgReplace function]: cell#2
[rgReplace function]: replacing...
[rgReplace function]: cell#3
[rgReplace function]: replacing...
[rgReplace function]: cell#4
[rgReplace function]: cell#5
[rgReplace function]: cell#6
[rgReplace function]: cell#7
[rgReplace function]: cell#8
[rgReplace function]: cell#9
[rgReplace function]: row#3
[rgReplace function]: cell#0
[rgReplace function]: cell#1
[rgReplace function]: cell#2
[rgReplace function]: cell#3
[rgReplace function]: cell#4
[rgReplace function]: cell#5
[rgReplace function]: cell#6
[rgReplace function]: cell#7
[rgReplace function]: cell#8
[rgReplace function]: cell#9
[rgReplace function]: row#4
[rgReplace function]: cell#0
[rgReplace function]: cell#1
[rgReplace function]: cell#2
[rgReplace function]: cell#3
[rgReplace function]: cell#4
[rgReplace function]: cell#5
[rgReplace function]: cell#6
[rgReplace function]: cell#7
[rgReplace function]: cell#8
[rgReplace function]: cell#9
[rgReplace function]: row#5
[rgReplace function]: cell#0
[rgReplace function]: cell#1
[rgReplace function]: cell#2
[rgReplace function]: cell#3
[rgReplace function]: cell#4
[rgReplace function]: cell#5
[rgReplace function]: cell#6
[rgReplace function]: cell#7
[rgReplace function]: cell#8
[rgReplace function]: cell#9
[rgReplace function]: row#6
[rgReplace function]: cell#0
[rgReplace function]: cell#1
[rgReplace function]: cell#2
[rgReplace function]: cell#3
[rgReplace function]: cell#4
[rgReplace function]: cell#5
[rgReplace function]: cell#6
[rgReplace function]: cell#7
[rgReplace function]: cell#8
[rgReplace function]: cell#9
[rgReplace function]: row#7
[rgReplace function]: cell#0
[rgReplace function]: cell#1
[rgReplace function]: cell#2
[rgReplace function]: cell#3
[rgReplace function]: cell#4
[rgReplace function]: cell#5
[rgReplace function]: cell#6
[rgReplace function]: cell#7
[rgReplace function]: cell#8
[rgReplace function]: cell#9
[rgReplace function]: row#8
[rgReplace function]: cell#0
[rgReplace function]: cell#1
[rgReplace function]: cell#2
[rgReplace function]: cell#3
[rgReplace function]: cell#4
[rgReplace function]: cell#5
[rgReplace function]: cell#6
[rgReplace function]: cell#7
[rgReplace function]: cell#8
[rgReplace function]: cell#9
[rgReplace function]: row#9
[rgReplace function]: cell#0
[rgReplace function]: cell#1
[rgReplace function]: cell#2
[rgReplace function]: cell#3
[rgReplace function]: cell#4
[rgReplace function]: cell#5
[rgReplace function]: cell#6
[rgReplace function]: cell#7
[rgReplace function]: cell#8
[rgReplace function]: cell#9
[Generate map]: combine the region to R10
[rgReplace function]: started.
[rgReplace function]: row#0
[rgReplace function]: cell#0
[rgReplace function]: cell#1
[rgReplace function]: cell#2
[rgReplace function]: cell#3
[rgReplace function]: cell#4
[rgReplace function]: cell#5
[rgReplace function]: cell#6
[rgReplace function]: cell#7
[rgReplace function]: cell#8
[rgReplace function]: cell#9
[rgReplace function]: row#1
[rgReplace function]: cell#0
[rgReplace function]: cell#1
[rgReplace function]: cell#2
[rgReplace function]: cell#3
[rgReplace function]: cell#4
[rgReplace function]: cell#5
[rgReplace function]: cell#6
[rgReplace function]: cell#7
[rgReplace function]: cell#8
[rgReplace function]: cell#9
[rgReplace function]: row#2
[rgReplace function]: cell#0
[rgReplace function]: cell#1
[rgReplace function]: cell#2
[rgReplace function]: cell#3
[rgReplace function]: cell#4
[rgReplace function]: cell#5
[rgReplace function]: cell#6
[rgReplace function]: cell#7
[rgReplace function]: cell#8
[rgReplace function]: cell#9
[rgReplace function]: row#3
[rgReplace function]: cell#0
[rgReplace function]: cell#1
[rgReplace function]: cell#2
[rgReplace function]: cell#3
[rgReplace function]: cell#4
[rgReplace function]: cell#5
[rgReplace function]: cell#6
[rgReplace function]: cell#7
[rgReplace function]: cell#8
[rgReplace function]: cell#9
[rgReplace function]: row#4
[rgReplace function]: cell#0
[rgReplace function]: cell#1
[rgReplace function]: cell#2
[rgReplace function]: cell#3
[rgReplace function]: cell#4
[rgReplace function]: cell#5
[rgReplace function]: cell#6
[rgReplace function]: cell#7
[rgReplace function]: cell#8
[rgReplace function]: cell#9
[rgReplace function]: row#5
[rgReplace function]: cell#0
[rgReplace function]: cell#1
[rgReplace function]: cell#2
[rgReplace function]: cell#3
[rgReplace function]: cell#4
[rgReplace function]: cell#5
[rgReplace function]: cell#6
[rgReplace function]: cell#7
[rgReplace function]: cell#8
[rgReplace function]: cell#9
[rgReplace function]: row#6
[rgReplace function]: cell#0
[rgReplace function]: cell#1
[rgReplace function]: cell#2
[rgReplace function]: cell#3
[rgReplace function]: cell#4
[rgReplace function]: cell#5
[rgReplace function]: cell#6
[rgReplace function]: cell#7
[rgReplace function]: cell#8
[rgReplace function]: cell#9
[rgReplace function]: row#7
[rgReplace function]: cell#0
[rgReplace function]: cell#1
[rgReplace function]: cell#2
[rgReplace function]: cell#3
[rgReplace function]: cell#4
[rgReplace function]: cell#5
[rgReplace function]: cell#6
[rgReplace function]: cell#7
[rgReplace function]: cell#8
[rgReplace function]: cell#9
[rgReplace function]: row#8
[rgReplace function]: cell#0
[rgReplace function]: cell#1
[rgReplace function]: cell#2
[rgReplace function]: cell#3
[rgReplace function]: cell#4
[rgReplace function]: cell#5
[rgReplace function]: cell#6
[rgReplace function]: cell#7
[rgReplace function]: cell#8
[rgReplace function]: cell#9
[rgReplace function]: row#9
[rgReplace function]: cell#0
[rgReplace function]: cell#1
[rgReplace function]: cell#2
[rgReplace function]: cell#3
[rgReplace function]: cell#4
[rgReplace function]: cell#5
[rgReplace function]: cell#6
[rgReplace function]: cell#7
[rgReplace function]: cell#8
[rgReplace function]: cell#9
[Generate map]: combine the region to R20
[Generate map]: cursore in cellID 4
[Generate map]: combine region R20
[Generate map]: cursore in cellID 5
[Generate map]: combine region R20
[Generate map]: cursore in cellID 6
[Generate map]: combine region R20
[Generate map]: cursore in cellID 7
[Generate map]: combine region R40
[Generate map]: cursore in cellID 8
[Generate map]: cursore in cellID 9
[Generate map]: combine region R86
[rgReplace function]: started.
[rgReplace function]: row#0
[rgReplace function]: cell#0
[rgReplace function]: cell#1
[rgReplace function]: cell#2
[rgReplace function]: cell#3
[rgReplace function]: cell#4
[rgReplace function]: cell#5
[rgReplace function]: cell#6
[rgReplace function]: cell#7
[rgReplace function]: cell#8
[rgReplace function]: cell#9
[rgReplace function]: row#1
[rgReplace function]: cell#0
[rgReplace function]: cell#1
[rgReplace function]: cell#2
[rgReplace function]: cell#3
[rgReplace function]: cell#4
[rgReplace function]: cell#5
[rgReplace function]: cell#6
[rgReplace function]: cell#7
[rgReplace function]: cell#8
[rgReplace function]: cell#9
[rgReplace function]: row#2
[rgReplace function]: cell#0
[rgReplace function]: cell#1
[rgReplace function]: cell#2
[rgReplace function]: cell#3
[rgReplace function]: cell#4
[rgReplace function]: cell#5
[rgReplace function]: cell#6
[rgReplace function]: cell#7
[rgReplace function]: cell#8
[rgReplace function]: replacing...
[rgReplace function]: cell#9
[rgReplace function]: replacing...
[rgReplace function]: row#3
[rgReplace function]: cell#0
[rgReplace function]: cell#1
[rgReplace function]: cell#2
[rgReplace function]: cell#3
[rgReplace function]: cell#4
[rgReplace function]: cell#5
[rgReplace function]: cell#6
[rgReplace function]: cell#7
[rgReplace function]: cell#8
[rgReplace function]: cell#9
[rgReplace function]: row#4
[rgReplace function]: cell#0
[rgReplace function]: cell#1
[rgReplace function]: cell#2
[rgReplace function]: cell#3
[rgReplace function]: cell#4
[rgReplace function]: cell#5
[rgReplace function]: cell#6
[rgReplace function]: cell#7
[rgReplace function]: cell#8
[rgReplace function]: cell#9
[rgReplace function]: row#5
[rgReplace function]: cell#0
[rgReplace function]: cell#1
[rgReplace function]: cell#2
[rgReplace function]: cell#3
[rgReplace function]: cell#4
[rgReplace function]: cell#5
[rgReplace function]: cell#6
[rgReplace function]: cell#7
[rgReplace function]: cell#8
[rgReplace function]: cell#9
[rgReplace function]: row#6
[rgReplace function]: cell#0
[rgReplace function]: cell#1
[rgReplace function]: cell#2
[rgReplace function]: cell#3
[rgReplace function]: cell#4
[rgReplace function]: cell#5
[rgReplace function]: cell#6
[rgReplace function]: cell#7
[rgReplace function]: cell#8
[rgReplace function]: cell#9
[rgReplace function]: row#7
[rgReplace function]: cell#0
[rgReplace function]: cell#1
[rgReplace function]: cell#2
[rgReplace function]: cell#3
[rgReplace function]: cell#4
[rgReplace function]: cell#5
[rgReplace function]: cell#6
[rgReplace function]: cell#7
[rgReplace function]: cell#8
[rgReplace function]: cell#9
[rgReplace function]: row#8
[rgReplace function]: cell#0
[rgReplace function]: cell#1
[rgReplace function]: cell#2
[rgReplace function]: cell#3
[rgReplace function]: cell#4
[rgReplace function]: cell#5
[rgReplace function]: cell#6
[rgReplace function]: cell#7
[rgReplace function]: cell#8
[rgReplace function]: cell#9
[rgReplace function]: row#9
[rgReplace function]: cell#0
[rgReplace function]: cell#1
[rgReplace function]: cell#2
[rgReplace function]: cell#3
[rgReplace function]: cell#4
[rgReplace function]: cell#5
[rgReplace function]: cell#6
[rgReplace function]: cell#7
[rgReplace function]: cell#8
[rgReplace function]: cell#9
[Generate map]: combine the region to R86
[Generate map]: cursore in rowID 2
[Generate map]: cursore in cellID 0
[Generate map]: combine region R94
[rgReplace function]: started.
[rgReplace function]: row#0
[rgReplace function]: cell#0
[rgReplace function]: cell#1
[rgReplace function]: cell#2
[rgReplace function]: cell#3
[rgReplace function]: cell#4
[rgReplace function]: cell#5
[rgReplace function]: cell#6
[rgReplace function]: cell#7
[rgReplace function]: cell#8
[rgReplace function]: cell#9
[rgReplace function]: row#1
[rgReplace function]: cell#0
[rgReplace function]: cell#1
[rgReplace function]: cell#2
[rgReplace function]: cell#3
[rgReplace function]: cell#4
[rgReplace function]: cell#5
[rgReplace function]: cell#6
[rgReplace function]: cell#7
[rgReplace function]: cell#8
[rgReplace function]: cell#9
[rgReplace function]: row#2
[rgReplace function]: cell#0
[rgReplace function]: cell#1
[rgReplace function]: cell#2
[rgReplace function]: cell#3
[rgReplace function]: cell#4
[rgReplace function]: cell#5
[rgReplace function]: cell#6
[rgReplace function]: cell#7
[rgReplace function]: cell#8
[rgReplace function]: cell#9
[rgReplace function]: row#3
[rgReplace function]: cell#0
[rgReplace function]: replacing...
[rgReplace function]: cell#1
[rgReplace function]: replacing...
[rgReplace function]: cell#2
[rgReplace function]: cell#3
[rgReplace function]: cell#4
[rgReplace function]: cell#5
[rgReplace function]: cell#6
[rgReplace function]: cell#7
[rgReplace function]: cell#8
[rgReplace function]: cell#9
[rgReplace function]: row#4
[rgReplace function]: cell#0
[rgReplace function]: cell#1
[rgReplace function]: cell#2
[rgReplace function]: cell#3
[rgReplace function]: cell#4
[rgReplace function]: cell#5
[rgReplace function]: cell#6
[rgReplace function]: cell#7
[rgReplace function]: cell#8
[rgReplace function]: cell#9
[rgReplace function]: row#5
[rgReplace function]: cell#0
[rgReplace function]: cell#1
[rgReplace function]: cell#2
[rgReplace function]: cell#3
[rgReplace function]: cell#4
[rgReplace function]: cell#5
[rgReplace function]: cell#6
[rgReplace function]: cell#7
[rgReplace function]: cell#8
[rgReplace function]: cell#9
[rgReplace function]: row#6
[rgReplace function]: cell#0
[rgReplace function]: cell#1
[rgReplace function]: cell#2
[rgReplace function]: cell#3
[rgReplace function]: cell#4
[rgReplace function]: cell#5
[rgReplace function]: cell#6
[rgReplace function]: cell#7
[rgReplace function]: cell#8
[rgReplace function]: cell#9
[rgReplace function]: row#7
[rgReplace function]: cell#0
[rgReplace function]: cell#1
[rgReplace function]: cell#2
[rgReplace function]: cell#3
[rgReplace function]: cell#4
[rgReplace function]: cell#5
[rgReplace function]: cell#6
[rgReplace function]: cell#7
[rgReplace function]: cell#8
[rgReplace function]: cell#9
[rgReplace function]: row#8
[rgReplace function]: cell#0
[rgReplace function]: cell#1
[rgReplace function]: cell#2
[rgReplace function]: cell#3
[rgReplace function]: cell#4
[rgReplace function]: cell#5
[rgReplace function]: cell#6
[rgReplace function]: cell#7
[rgReplace function]: cell#8
[rgReplace function]: cell#9
[rgReplace function]: row#9
[rgReplace function]: cell#0
[rgReplace function]: cell#1
[rgReplace function]: cell#2
[rgReplace function]: cell#3
[rgReplace function]: cell#4
[rgReplace function]: cell#5
[rgReplace function]: cell#6
[rgReplace function]: cell#7
[rgReplace function]: cell#8
[rgReplace function]: cell#9
[Generate map]: combine the region to R94
[Generate map]: cursore in cellID 1
[Generate map]: cursore in cellID 2
[Generate map]: combine region R10
[Generate map]: cursore in cellID 3
[Generate map]: combine region R10
[rgReplace function]: started.
[rgReplace function]: row#0
[rgReplace function]: cell#0
[rgReplace function]: cell#1
[rgReplace function]: cell#2
[rgReplace function]: cell#3
[rgReplace function]: cell#4
[rgReplace function]: cell#5
[rgReplace function]: cell#6
[rgReplace function]: cell#7
[rgReplace function]: cell#8
[rgReplace function]: cell#9
[rgReplace function]: row#1
[rgReplace function]: cell#0
[rgReplace function]: cell#1
[rgReplace function]: cell#2
[rgReplace function]: cell#3
[rgReplace function]: cell#4
[rgReplace function]: cell#5
[rgReplace function]: cell#6
[rgReplace function]: cell#7
[rgReplace function]: cell#8
[rgReplace function]: cell#9
[rgReplace function]: row#2
[rgReplace function]: cell#0
[rgReplace function]: cell#1
[rgReplace function]: cell#2
[rgReplace function]: cell#3
[rgReplace function]: cell#4
[rgReplace function]: replacing...
[rgReplace function]: cell#5
[rgReplace function]: cell#6
[rgReplace function]: cell#7
[rgReplace function]: cell#8
[rgReplace function]: cell#9
[rgReplace function]: row#3
[rgReplace function]: cell#0
[rgReplace function]: cell#1
[rgReplace function]: cell#2
[rgReplace function]: cell#3
[rgReplace function]: cell#4
[rgReplace function]: cell#5
[rgReplace function]: cell#6
[rgReplace function]: cell#7
[rgReplace function]: cell#8
[rgReplace function]: cell#9
[rgReplace function]: row#4
[rgReplace function]: cell#0
[rgReplace function]: cell#1
[rgReplace function]: cell#2
[rgReplace function]: cell#3
[rgReplace function]: cell#4
[rgReplace function]: cell#5
[rgReplace function]: cell#6
[rgReplace function]: cell#7
[rgReplace function]: cell#8
[rgReplace function]: cell#9
[rgReplace function]: row#5
[rgReplace function]: cell#0
[rgReplace function]: cell#1
[rgReplace function]: cell#2
[rgReplace function]: cell#3
[rgReplace function]: cell#4
[rgReplace function]: cell#5
[rgReplace function]: cell#6
[rgReplace function]: cell#7
[rgReplace function]: cell#8
[rgReplace function]: cell#9
[rgReplace function]: row#6
[rgReplace function]: cell#0
[rgReplace function]: cell#1
[rgReplace function]: cell#2
[rgReplace function]: cell#3
[rgReplace function]: cell#4
[rgReplace function]: cell#5
[rgReplace function]: cell#6
[rgReplace function]: cell#7
[rgReplace function]: cell#8
[rgReplace function]: cell#9
[rgReplace function]: row#7
[rgReplace function]: cell#0
[rgReplace function]: cell#1
[rgReplace function]: cell#2
[rgReplace function]: cell#3
[rgReplace function]: cell#4
[rgReplace function]: cell#5
[rgReplace function]: cell#6
[rgReplace function]: cell#7
[rgReplace function]: cell#8
[rgReplace function]: cell#9
[rgReplace function]: row#8
[rgReplace function]: cell#0
[rgReplace function]: cell#1
[rgReplace function]: cell#2
[rgReplace function]: cell#3
[rgReplace function]: cell#4
[rgReplace function]: cell#5
[rgReplace function]: cell#6
[rgReplace function]: cell#7
[rgReplace function]: cell#8
[rgReplace function]: cell#9
[rgReplace function]: row#9
[rgReplace function]: cell#0
[rgReplace function]: cell#1
[rgReplace function]: cell#2
[rgReplace function]: cell#3
[rgReplace function]: cell#4
[rgReplace function]: cell#5
[rgReplace function]: cell#6
[rgReplace function]: cell#7
[rgReplace function]: cell#8
[rgReplace function]: cell#9
[Generate map]: combine the region to R10
[Generate map]: cursore in cellID 4
[Generate map]: combine region R10
[Generate map]: cursore in cellID 5
[Generate map]: combine region R118
[rgReplace function]: started.
[rgReplace function]: row#0
[rgReplace function]: cell#0
[rgReplace function]: cell#1
[rgReplace function]: cell#2
[rgReplace function]: cell#3
[rgReplace function]: cell#4
[rgReplace function]: cell#5
[rgReplace function]: cell#6
[rgReplace function]: cell#7
[rgReplace function]: cell#8
[rgReplace function]: cell#9
[rgReplace function]: row#1
[rgReplace function]: cell#0
[rgReplace function]: cell#1
[rgReplace function]: cell#2
[rgReplace function]: cell#3
[rgReplace function]: cell#4
[rgReplace function]: cell#5
[rgReplace function]: cell#6
[rgReplace function]: cell#7
[rgReplace function]: cell#8
[rgReplace function]: cell#9
[rgReplace function]: row#2
[rgReplace function]: cell#0
[rgReplace function]: cell#1
[rgReplace function]: cell#2
[rgReplace function]: cell#3
[rgReplace function]: cell#4
[rgReplace function]: cell#5
[rgReplace function]: replacing...
[rgReplace function]: cell#6
[rgReplace function]: replacing...
[rgReplace function]: cell#7
[rgReplace function]: cell#8
[rgReplace function]: cell#9
[rgReplace function]: row#3
[rgReplace function]: cell#0
[rgReplace function]: cell#1
[rgReplace function]: cell#2
[rgReplace function]: cell#3
[rgReplace function]: cell#4
[rgReplace function]: cell#5
[rgReplace function]: cell#6
[rgReplace function]: cell#7
[rgReplace function]: cell#8
[rgReplace function]: cell#9
[rgReplace function]: row#4
[rgReplace function]: cell#0
[rgReplace function]: cell#1
[rgReplace function]: cell#2
[rgReplace function]: cell#3
[rgReplace function]: cell#4
[rgReplace function]: cell#5
[rgReplace function]: cell#6
[rgReplace function]: cell#7
[rgReplace function]: cell#8
[rgReplace function]: cell#9
[rgReplace function]: row#5
[rgReplace function]: cell#0
[rgReplace function]: cell#1
[rgReplace function]: cell#2
[rgReplace function]: cell#3
[rgReplace function]: cell#4
[rgReplace function]: cell#5
[rgReplace function]: cell#6
[rgReplace function]: cell#7
[rgReplace function]: cell#8
[rgReplace function]: cell#9
[rgReplace function]: row#6
[rgReplace function]: cell#0
[rgReplace function]: cell#1
[rgReplace function]: cell#2
[rgReplace function]: cell#3
[rgReplace function]: cell#4
[rgReplace function]: cell#5
[rgReplace function]: cell#6
[rgReplace function]: cell#7
[rgReplace function]: cell#8
[rgReplace function]: cell#9
[rgReplace function]: row#7
[rgReplace function]: cell#0
[rgReplace function]: cell#1
[rgReplace function]: cell#2
[rgReplace function]: cell#3
[rgReplace function]: cell#4
[rgReplace function]: cell#5
[rgReplace function]: cell#6
[rgReplace function]: cell#7
[rgReplace function]: cell#8
[rgReplace function]: cell#9
[rgReplace function]: row#8
[rgReplace function]: cell#0
[rgReplace function]: cell#1
[rgReplace function]: cell#2
[rgReplace function]: cell#3
[rgReplace function]: cell#4
[rgReplace function]: cell#5
[rgReplace function]: cell#6
[rgReplace function]: cell#7
[rgReplace function]: cell#8
[rgReplace function]: cell#9
[rgReplace function]: row#9
[rgReplace function]: cell#0
[rgReplace function]: cell#1
[rgReplace function]: cell#2
[rgReplace function]: cell#3
[rgReplace function]: cell#4
[rgReplace function]: cell#5
[rgReplace function]: cell#6
[rgReplace function]: cell#7
[rgReplace function]: cell#8
[rgReplace function]: cell#9
[Generate map]: combine the region to R20
[rgReplace function]: started.
[rgReplace function]: row#0
[rgReplace function]: cell#0
[rgReplace function]: cell#1
[rgReplace function]: cell#2
[rgReplace function]: cell#3
[rgReplace function]: cell#4
[rgReplace function]: cell#5
[rgReplace function]: cell#6
[rgReplace function]: cell#7
[rgReplace function]: cell#8
[rgReplace function]: cell#9
[rgReplace function]: row#1
[rgReplace function]: cell#0
[rgReplace function]: cell#1
[rgReplace function]: cell#2
[rgReplace function]: cell#3
[rgReplace function]: cell#4
[rgReplace function]: cell#5
[rgReplace function]: cell#6
[rgReplace function]: cell#7
[rgReplace function]: cell#8
[rgReplace function]: cell#9
[rgReplace function]: row#2
[rgReplace function]: cell#0
[rgReplace function]: cell#1
[rgReplace function]: cell#2
[rgReplace function]: cell#3
[rgReplace function]: cell#4
[rgReplace function]: cell#5
[rgReplace function]: cell#6
[rgReplace function]: cell#7
[rgReplace function]: cell#8
[rgReplace function]: cell#9
[rgReplace function]: row#3
[rgReplace function]: cell#0
[rgReplace function]: cell#1
[rgReplace function]: cell#2
[rgReplace function]: cell#3
[rgReplace function]: cell#4
[rgReplace function]: cell#5
[rgReplace function]: replacing...
[rgReplace function]: cell#6
[rgReplace function]: replacing...
[rgReplace function]: cell#7
[rgReplace function]: cell#8
[rgReplace function]: cell#9
[rgReplace function]: row#4
[rgReplace function]: cell#0
[rgReplace function]: cell#1
[rgReplace function]: cell#2
[rgReplace function]: cell#3
[rgReplace function]: cell#4
[rgReplace function]: cell#5
[rgReplace function]: cell#6
[rgReplace function]: cell#7
[rgReplace function]: cell#8
[rgReplace function]: cell#9
[rgReplace function]: row#5
[rgReplace function]: cell#0
[rgReplace function]: cell#1
[rgReplace function]: cell#2
[rgReplace function]: cell#3
[rgReplace function]: cell#4
[rgReplace function]: cell#5
[rgReplace function]: cell#6
[rgReplace function]: cell#7
[rgReplace function]: cell#8
[rgReplace function]: cell#9
[rgReplace function]: row#6
[rgReplace function]: cell#0
[rgReplace function]: cell#1
[rgReplace function]: cell#2
[rgReplace function]: cell#3
[rgReplace function]: cell#4
[rgReplace function]: cell#5
[rgReplace function]: cell#6
[rgReplace function]: cell#7
[rgReplace function]: cell#8
[rgReplace function]: cell#9
[rgReplace function]: row#7
[rgReplace function]: cell#0
[rgReplace function]: cell#1
[rgReplace function]: cell#2
[rgReplace function]: cell#3
[rgReplace function]: cell#4
[rgReplace function]: cell#5
[rgReplace function]: cell#6
[rgReplace function]: cell#7
[rgReplace function]: cell#8
[rgReplace function]: cell#9
[rgReplace function]: row#8
[rgReplace function]: cell#0
[rgReplace function]: cell#1
[rgReplace function]: cell#2
[rgReplace function]: cell#3
[rgReplace function]: cell#4
[rgReplace function]: cell#5
[rgReplace function]: cell#6
[rgReplace function]: cell#7
[rgReplace function]: cell#8
[rgReplace function]: cell#9
[rgReplace function]: row#9
[rgReplace function]: cell#0
[rgReplace function]: cell#1
[rgReplace function]: cell#2
[rgReplace function]: cell#3
[rgReplace function]: cell#4
[rgReplace function]: cell#5
[rgReplace function]: cell#6
[rgReplace function]: cell#7
[rgReplace function]: cell#8
[rgReplace function]: cell#9
[Generate map]: combine the region to R118
[rgReplace function]: started.
[rgReplace function]: row#0
[rgReplace function]: cell#0
[rgReplace function]: cell#1
[rgReplace function]: cell#2
[rgReplace function]: cell#3
[rgReplace function]: cell#4
[rgReplace function]: cell#5
[rgReplace function]: cell#6
[rgReplace function]: cell#7
[rgReplace function]: cell#8
[rgReplace function]: cell#9
[rgReplace function]: row#1
[rgReplace function]: cell#0
[rgReplace function]: cell#1
[rgReplace function]: cell#2
[rgReplace function]: cell#3
[rgReplace function]: cell#4
[rgReplace function]: cell#5
[rgReplace function]: cell#6
[rgReplace function]: cell#7
[rgReplace function]: cell#8
[rgReplace function]: cell#9
[rgReplace function]: row#2
[rgReplace function]: cell#0
[rgReplace function]: cell#1
[rgReplace function]: cell#2
[rgReplace function]: cell#3
[rgReplace function]: cell#4
[rgReplace function]: cell#5
[rgReplace function]: cell#6
[rgReplace function]: cell#7
[rgReplace function]: cell#8
[rgReplace function]: cell#9
[rgReplace function]: row#3
[rgReplace function]: cell#0
[rgReplace function]: cell#1
[rgReplace function]: cell#2
[rgReplace function]: cell#3
[rgReplace function]: cell#4
[rgReplace function]: cell#5
[rgReplace function]: replacing...
[rgReplace function]: cell#6
[rgReplace function]: replacing...
[rgReplace function]: cell#7
[rgReplace function]: cell#8
[rgReplace function]: cell#9
[rgReplace function]: row#4
[rgReplace function]: cell#0
[rgReplace function]: cell#1
[rgReplace function]: cell#2
[rgReplace function]: cell#3
[rgReplace function]: cell#4
[rgReplace function]: cell#5
[rgReplace function]: cell#6
[rgReplace function]: cell#7
[rgReplace function]: cell#8
[rgReplace function]: cell#9
[rgReplace function]: row#5
[rgReplace function]: cell#0
[rgReplace function]: cell#1
[rgReplace function]: cell#2
[rgReplace function]: cell#3
[rgReplace function]: cell#4
[rgReplace function]: cell#5
[rgReplace function]: cell#6
[rgReplace function]: cell#7
[rgReplace function]: cell#8
[rgReplace function]: cell#9
[rgReplace function]: row#6
[rgReplace function]: cell#0
[rgReplace function]: cell#1
[rgReplace function]: cell#2
[rgReplace function]: cell#3
[rgReplace function]: cell#4
[rgReplace function]: cell#5
[rgReplace function]: cell#6
[rgReplace function]: cell#7
[rgReplace function]: cell#8
[rgReplace function]: cell#9
[rgReplace function]: row#7
[rgReplace function]: cell#0
[rgReplace function]: cell#1
[rgReplace function]: cell#2
[rgReplace function]: cell#3
[rgReplace function]: cell#4
[rgReplace function]: cell#5
[rgReplace function]: cell#6
[rgReplace function]: cell#7
[rgReplace function]: cell#8
[rgReplace function]: cell#9
[rgReplace function]: row#8
[rgReplace function]: cell#0
[rgReplace function]: cell#1
[rgReplace function]: cell#2
[rgReplace function]: cell#3
[rgReplace function]: cell#4
[rgReplace function]: cell#5
[rgReplace function]: cell#6
[rgReplace function]: cell#7
[rgReplace function]: cell#8
[rgReplace function]: cell#9
[rgReplace function]: row#9
[rgReplace function]: cell#0
[rgReplace function]: cell#1
[rgReplace function]: cell#2
[rgReplace function]: cell#3
[rgReplace function]: cell#4
[rgReplace function]: cell#5
[rgReplace function]: cell#6
[rgReplace function]: cell#7
[rgReplace function]: cell#8
[rgReplace function]: cell#9
[Generate map]: combine the region to R10
[rgReplace function]: started.
[rgReplace function]: row#0
[rgReplace function]: cell#0
[rgReplace function]: cell#1
[rgReplace function]: cell#2
[rgReplace function]: cell#3
[rgReplace function]: cell#4
[rgReplace function]: cell#5
[rgReplace function]: cell#6
[rgReplace function]: cell#7
[rgReplace function]: cell#8
[rgReplace function]: cell#9
[rgReplace function]: row#1
[rgReplace function]: cell#0
[rgReplace function]: cell#1
[rgReplace function]: cell#2
[rgReplace function]: cell#3
[rgReplace function]: cell#4
[rgReplace function]: cell#5
[rgReplace function]: cell#6
[rgReplace function]: cell#7
[rgReplace function]: cell#8
[rgReplace function]: cell#9
[rgReplace function]: row#2
[rgReplace function]: cell#0
[rgReplace function]: cell#1
[rgReplace function]: cell#2
[rgReplace function]: cell#3
[rgReplace function]: cell#4
[rgReplace function]: cell#5
[rgReplace function]: cell#6
[rgReplace function]: cell#7
[rgReplace function]: cell#8
[rgReplace function]: cell#9
[rgReplace function]: row#3
[rgReplace function]: cell#0
[rgReplace function]: cell#1
[rgReplace function]: cell#2
[rgReplace function]: cell#3
[rgReplace function]: cell#4
[rgReplace function]: cell#5
[rgReplace function]: cell#6
[rgReplace function]: cell#7
[rgReplace function]: cell#8
[rgReplace function]: cell#9
[rgReplace function]: row#4
[rgReplace function]: cell#0
[rgReplace function]: cell#1
[rgReplace function]: cell#2
[rgReplace function]: cell#3
[rgReplace function]: cell#4
[rgReplace function]: cell#5
[rgReplace function]: cell#6
[rgReplace function]: cell#7
[rgReplace function]: cell#8
[rgReplace function]: cell#9
[rgReplace function]: row#5
[rgReplace function]: cell#0
[rgReplace function]: cell#1
[rgReplace function]: cell#2
[rgReplace function]: cell#3
[rgReplace function]: cell#4
[rgReplace function]: cell#5
[rgReplace function]: cell#6
[rgReplace function]: cell#7
[rgReplace function]: cell#8
[rgReplace function]: cell#9
[rgReplace function]: row#6
[rgReplace function]: cell#0
[rgReplace function]: cell#1
[rgReplace function]: cell#2
[rgReplace function]: cell#3
[rgReplace function]: cell#4
[rgReplace function]: cell#5
[rgReplace function]: cell#6
[rgReplace function]: cell#7
[rgReplace function]: cell#8
[rgReplace function]: cell#9
[rgReplace function]: row#7
[rgReplace function]: cell#0
[rgReplace function]: cell#1
[rgReplace function]: cell#2
[rgReplace function]: cell#3
[rgReplace function]: cell#4
[rgReplace function]: cell#5
[rgReplace function]: cell#6
[rgReplace function]: cell#7
[rgReplace function]: cell#8
[rgReplace function]: cell#9
[rgReplace function]: row#8
[rgReplace function]: cell#0
[rgReplace function]: cell#1
[rgReplace function]: cell#2
[rgReplace function]: cell#3
[rgReplace function]: cell#4
[rgReplace function]: cell#5
[rgReplace function]: cell#6
[rgReplace function]: cell#7
[rgReplace function]: cell#8
[rgReplace function]: cell#9
[rgReplace function]: row#9
[rgReplace function]: cell#0
[rgReplace function]: cell#1
[rgReplace function]: cell#2
[rgReplace function]: cell#3
[rgReplace function]: cell#4
[rgReplace function]: cell#5
[rgReplace function]: cell#6
[rgReplace function]: cell#7
[rgReplace function]: cell#8
[rgReplace function]: cell#9
[Generate map]: combine the region to R20
[Generate map]: cursore in cellID 6
[Generate map]: combine region R20
[rgReplace function]: started.
[rgReplace function]: row#0
[rgReplace function]: cell#0
[rgReplace function]: cell#1
[rgReplace function]: cell#2
[rgReplace function]: cell#3
[rgReplace function]: cell#4
[rgReplace function]: replacing...
[rgReplace function]: cell#5
[rgReplace function]: replacing...
[rgReplace function]: cell#6
[rgReplace function]: cell#7
[rgReplace function]: cell#8
[rgReplace function]: cell#9
[rgReplace function]: row#1
[rgReplace function]: cell#0
[rgReplace function]: cell#1
[rgReplace function]: cell#2
[rgReplace function]: cell#3
[rgReplace function]: cell#4
[rgReplace function]: replacing...
[rgReplace function]: cell#5
[rgReplace function]: replacing...
[rgReplace function]: cell#6
[rgReplace function]: replacing...
[rgReplace function]: cell#7
[rgReplace function]: cell#8
[rgReplace function]: cell#9
[rgReplace function]: row#2
[rgReplace function]: cell#0
[rgReplace function]: cell#1
[rgReplace function]: cell#2
[rgReplace function]: cell#3
[rgReplace function]: cell#4
[rgReplace function]: cell#5
[rgReplace function]: replacing...
[rgReplace function]: cell#6
[rgReplace function]: replacing...
[rgReplace function]: cell#7
[rgReplace function]: cell#8
[rgReplace function]: cell#9
[rgReplace function]: row#3
[rgReplace function]: cell#0
[rgReplace function]: cell#1
[rgReplace function]: cell#2
[rgReplace function]: cell#3
[rgReplace function]: cell#4
[rgReplace function]: cell#5
[rgReplace function]: cell#6
[rgReplace function]: cell#7
[rgReplace function]: cell#8
[rgReplace function]: cell#9
[rgReplace function]: row#4
[rgReplace function]: cell#0
[rgReplace function]: cell#1
[rgReplace function]: cell#2
[rgReplace function]: cell#3
[rgReplace function]: cell#4
[rgReplace function]: cell#5
[rgReplace function]: cell#6
[rgReplace function]: cell#7
[rgReplace function]: cell#8
[rgReplace function]: cell#9
[rgReplace function]: row#5
[rgReplace function]: cell#0
[rgReplace function]: cell#1
[rgReplace function]: cell#2
[rgReplace function]: cell#3
[rgReplace function]: cell#4
[rgReplace function]: cell#5
[rgReplace function]: cell#6
[rgReplace function]: cell#7
[rgReplace function]: cell#8
[rgReplace function]: cell#9
[rgReplace function]: row#6
[rgReplace function]: cell#0
[rgReplace function]: cell#1
[rgReplace function]: cell#2
[rgReplace function]: cell#3
[rgReplace function]: cell#4
[rgReplace function]: cell#5
[rgReplace function]: cell#6
[rgReplace function]: cell#7
[rgReplace function]: cell#8
[rgReplace function]: cell#9
[rgReplace function]: row#7
[rgReplace function]: cell#0
[rgReplace function]: cell#1
[rgReplace function]: cell#2
[rgReplace function]: cell#3
[rgReplace function]: cell#4
[rgReplace function]: cell#5
[rgReplace function]: cell#6
[rgReplace function]: cell#7
[rgReplace function]: cell#8
[rgReplace function]: cell#9
[rgReplace function]: row#8
[rgReplace function]: cell#0
[rgReplace function]: cell#1
[rgReplace function]: cell#2
[rgReplace function]: cell#3
[rgReplace function]: cell#4
[rgReplace function]: cell#5
[rgReplace function]: cell#6
[rgReplace function]: cell#7
[rgReplace function]: cell#8
[rgReplace function]: cell#9
[rgReplace function]: row#9
[rgReplace function]: cell#0
[rgReplace function]: cell#1
[rgReplace function]: cell#2
[rgReplace function]: cell#3
[rgReplace function]: cell#4
[rgReplace function]: cell#5
[rgReplace function]: cell#6
[rgReplace function]: cell#7
[rgReplace function]: cell#8
[rgReplace function]: cell#9
[Generate map]: combine the region to R10
[rgReplace function]: started.
[rgReplace function]: row#0
[rgReplace function]: cell#0
[rgReplace function]: cell#1
[rgReplace function]: cell#2
[rgReplace function]: cell#3
[rgReplace function]: cell#4
[rgReplace function]: cell#5
[rgReplace function]: cell#6
[rgReplace function]: cell#7
[rgReplace function]: cell#8
[rgReplace function]: cell#9
[rgReplace function]: row#1
[rgReplace function]: cell#0
[rgReplace function]: cell#1
[rgReplace function]: cell#2
[rgReplace function]: cell#3
[rgReplace function]: cell#4
[rgReplace function]: cell#5
[rgReplace function]: cell#6
[rgReplace function]: cell#7
[rgReplace function]: cell#8
[rgReplace function]: cell#9
[rgReplace function]: row#2
[rgReplace function]: cell#0
[rgReplace function]: cell#1
[rgReplace function]: cell#2
[rgReplace function]: cell#3
[rgReplace function]: cell#4
[rgReplace function]: cell#5
[rgReplace function]: cell#6
[rgReplace function]: cell#7
[rgReplace function]: cell#8
[rgReplace function]: cell#9
[rgReplace function]: row#3
[rgReplace function]: cell#0
[rgReplace function]: cell#1
[rgReplace function]: cell#2
[rgReplace function]: cell#3
[rgReplace function]: cell#4
[rgReplace function]: cell#5
[rgReplace function]: cell#6
[rgReplace function]: cell#7
[rgReplace function]: cell#8
[rgReplace function]: cell#9
[rgReplace function]: row#4
[rgReplace function]: cell#0
[rgReplace function]: cell#1
[rgReplace function]: cell#2
[rgReplace function]: cell#3
[rgReplace function]: cell#4
[rgReplace function]: cell#5
[rgReplace function]: cell#6
[rgReplace function]: cell#7
[rgReplace function]: cell#8
[rgReplace function]: cell#9
[rgReplace function]: row#5
[rgReplace function]: cell#0
[rgReplace function]: cell#1
[rgReplace function]: cell#2
[rgReplace function]: cell#3
[rgReplace function]: cell#4
[rgReplace function]: cell#5
[rgReplace function]: cell#6
[rgReplace function]: cell#7
[rgReplace function]: cell#8
[rgReplace function]: cell#9
[rgReplace function]: row#6
[rgReplace function]: cell#0
[rgReplace function]: cell#1
[rgReplace function]: cell#2
[rgReplace function]: cell#3
[rgReplace function]: cell#4
[rgReplace function]: cell#5
[rgReplace function]: cell#6
[rgReplace function]: cell#7
[rgReplace function]: cell#8
[rgReplace function]: cell#9
[rgReplace function]: row#7
[rgReplace function]: cell#0
[rgReplace function]: cell#1
[rgReplace function]: cell#2
[rgReplace function]: cell#3
[rgReplace function]: cell#4
[rgReplace function]: cell#5
[rgReplace function]: cell#6
[rgReplace function]: cell#7
[rgReplace function]: cell#8
[rgReplace function]: cell#9
[rgReplace function]: row#8
[rgReplace function]: cell#0
[rgReplace function]: cell#1
[rgReplace function]: cell#2
[rgReplace function]: cell#3
[rgReplace function]: cell#4
[rgReplace function]: cell#5
[rgReplace function]: cell#6
[rgReplace function]: cell#7
[rgReplace function]: cell#8
[rgReplace function]: cell#9
[rgReplace function]: row#9
[rgReplace function]: cell#0
[rgReplace function]: cell#1
[rgReplace function]: cell#2
[rgReplace function]: cell#3
[rgReplace function]: cell#4
[rgReplace function]: cell#5
[rgReplace function]: cell#6
[rgReplace function]: cell#7
[rgReplace function]: cell#8
[rgReplace function]: cell#9
[Generate map]: combine the region to R10
[Generate map]: cursore in cellID 7
[Generate map]: cursore in cellID 8
[Generate map]: combine region R86
[Generate map]: cursore in cellID 9
[Generate map]: combine region R86
[Generate map]: cursore in rowID 3
[Generate map]: cursore in cellID 0
[Generate map]: combine region R94
[Generate map]: cursore in cellID 1
[Generate map]: combine region R94
[Generate map]: cursore in cellID 2
[Generate map]: combine region R140
[Generate map]: cursore in cellID 3
[Generate map]: cursore in cellID 4
[Generate map]: combine region R147
[Generate map]: cursore in cellID 5
[Generate map]: combine region R10
[Generate map]: cursore in cellID 6
[Generate map]: combine region R10
[Generate map]: cursore in cellID 7
[Generate map]: combine region R161
[Generate map]: cursore in cellID 8
[Generate map]: cursore in cellID 9
[Generate map]: combine region R168
[rgReplace function]: started.
[rgReplace function]: row#0
[rgReplace function]: cell#0
[rgReplace function]: cell#1
[rgReplace function]: cell#2
[rgReplace function]: cell#3
[rgReplace function]: cell#4
[rgReplace function]: cell#5
[rgReplace function]: cell#6
[rgReplace function]: cell#7
[rgReplace function]: cell#8
[rgReplace function]: cell#9
[rgReplace function]: row#1
[rgReplace function]: cell#0
[rgReplace function]: cell#1
[rgReplace function]: cell#2
[rgReplace function]: cell#3
[rgReplace function]: cell#4
[rgReplace function]: cell#5
[rgReplace function]: cell#6
[rgReplace function]: cell#7
[rgReplace function]: cell#8
[rgReplace function]: cell#9
[rgReplace function]: row#2
[rgReplace function]: cell#0
[rgReplace function]: cell#1
[rgReplace function]: cell#2
[rgReplace function]: cell#3
[rgReplace function]: cell#4
[rgReplace function]: cell#5
[rgReplace function]: cell#6
[rgReplace function]: cell#7
[rgReplace function]: cell#8
[rgReplace function]: cell#9
[rgReplace function]: row#3
[rgReplace function]: cell#0
[rgReplace function]: cell#1
[rgReplace function]: cell#2
[rgReplace function]: cell#3
[rgReplace function]: cell#4
[rgReplace function]: cell#5
[rgReplace function]: cell#6
[rgReplace function]: cell#7
[rgReplace function]: cell#8
[rgReplace function]: cell#9
[rgReplace function]: replacing...
[rgReplace function]: row#4
[rgReplace function]: cell#0
[rgReplace function]: cell#1
[rgReplace function]: cell#2
[rgReplace function]: cell#3
[rgReplace function]: cell#4
[rgReplace function]: cell#5
[rgReplace function]: cell#6
[rgReplace function]: cell#7
[rgReplace function]: cell#8
[rgReplace function]: cell#9
[rgReplace function]: row#5
[rgReplace function]: cell#0
[rgReplace function]: cell#1
[rgReplace function]: cell#2
[rgReplace function]: cell#3
[rgReplace function]: cell#4
[rgReplace function]: cell#5
[rgReplace function]: cell#6
[rgReplace function]: cell#7
[rgReplace function]: cell#8
[rgReplace function]: cell#9
[rgReplace function]: row#6
[rgReplace function]: cell#0
[rgReplace function]: cell#1
[rgReplace function]: cell#2
[rgReplace function]: cell#3
[rgReplace function]: cell#4
[rgReplace function]: cell#5
[rgReplace function]: cell#6
[rgReplace function]: cell#7
[rgReplace function]: cell#8
[rgReplace function]: cell#9
[rgReplace function]: row#7
[rgReplace function]: cell#0
[rgReplace function]: cell#1
[rgReplace function]: cell#2
[rgReplace function]: cell#3
[rgReplace function]: cell#4
[rgReplace function]: cell#5
[rgReplace function]: cell#6
[rgReplace function]: cell#7
[rgReplace function]: cell#8
[rgReplace function]: cell#9
[rgReplace function]: row#8
[rgReplace function]: cell#0
[rgReplace function]: cell#1
[rgReplace function]: cell#2
[rgReplace function]: cell#3
[rgReplace function]: cell#4
[rgReplace function]: cell#5
[rgReplace function]: cell#6
[rgReplace function]: cell#7
[rgReplace function]: cell#8
[rgReplace function]: cell#9
[rgReplace function]: row#9
[rgReplace function]: cell#0
[rgReplace function]: cell#1
[rgReplace function]: cell#2
[rgReplace function]: cell#3
[rgReplace function]: cell#4
[rgReplace function]: cell#5
[rgReplace function]: cell#6
[rgReplace function]: cell#7
[rgReplace function]: cell#8
[rgReplace function]: cell#9
[Generate map]: combine the region to R86
[rgReplace function]: started.
[rgReplace function]: row#0
[rgReplace function]: cell#0
[rgReplace function]: cell#1
[rgReplace function]: cell#2
[rgReplace function]: cell#3
[rgReplace function]: cell#4
[rgReplace function]: cell#5
[rgReplace function]: cell#6
[rgReplace function]: cell#7
[rgReplace function]: cell#8
[rgReplace function]: cell#9
[rgReplace function]: row#1
[rgReplace function]: cell#0
[rgReplace function]: cell#1
[rgReplace function]: cell#2
[rgReplace function]: cell#3
[rgReplace function]: cell#4
[rgReplace function]: cell#5
[rgReplace function]: cell#6
[rgReplace function]: cell#7
[rgReplace function]: cell#8
[rgReplace function]: cell#9
[rgReplace function]: row#2
[rgReplace function]: cell#0
[rgReplace function]: cell#1
[rgReplace function]: cell#2
[rgReplace function]: cell#3
[rgReplace function]: cell#4
[rgReplace function]: cell#5
[rgReplace function]: cell#6
[rgReplace function]: cell#7
[rgReplace function]: cell#8
[rgReplace function]: cell#9
[rgReplace function]: row#3
[rgReplace function]: cell#0
[rgReplace function]: cell#1
[rgReplace function]: cell#2
[rgReplace function]: cell#3
[rgReplace function]: cell#4
[rgReplace function]: cell#5
[rgReplace function]: cell#6
[rgReplace function]: cell#7
[rgReplace function]: cell#8
[rgReplace function]: cell#9
[rgReplace function]: row#4
[rgReplace function]: cell#0
[rgReplace function]: cell#1
[rgReplace function]: cell#2
[rgReplace function]: cell#3
[rgReplace function]: cell#4
[rgReplace function]: cell#5
[rgReplace function]: cell#6
[rgReplace function]: cell#7
[rgReplace function]: cell#8
[rgReplace function]: cell#9
[rgReplace function]: replacing...
[rgReplace function]: row#5
[rgReplace function]: cell#0
[rgReplace function]: cell#1
[rgReplace function]: cell#2
[rgReplace function]: cell#3
[rgReplace function]: cell#4
[rgReplace function]: cell#5
[rgReplace function]: cell#6
[rgReplace function]: cell#7
[rgReplace function]: cell#8
[rgReplace function]: cell#9
[rgReplace function]: row#6
[rgReplace function]: cell#0
[rgReplace function]: cell#1
[rgReplace function]: cell#2
[rgReplace function]: cell#3
[rgReplace function]: cell#4
[rgReplace function]: cell#5
[rgReplace function]: cell#6
[rgReplace function]: cell#7
[rgReplace function]: cell#8
[rgReplace function]: cell#9
[rgReplace function]: row#7
[rgReplace function]: cell#0
[rgReplace function]: cell#1
[rgReplace function]: cell#2
[rgReplace function]: cell#3
[rgReplace function]: cell#4
[rgReplace function]: cell#5
[rgReplace function]: cell#6
[rgReplace function]: cell#7
[rgReplace function]: cell#8
[rgReplace function]: cell#9
[rgReplace function]: row#8
[rgReplace function]: cell#0
[rgReplace function]: cell#1
[rgReplace function]: cell#2
[rgReplace function]: cell#3
[rgReplace function]: cell#4
[rgReplace function]: cell#5
[rgReplace function]: cell#6
[rgReplace function]: cell#7
[rgReplace function]: cell#8
[rgReplace function]: cell#9
[rgReplace function]: row#9
[rgReplace function]: cell#0
[rgReplace function]: cell#1
[rgReplace function]: cell#2
[rgReplace function]: cell#3
[rgReplace function]: cell#4
[rgReplace function]: cell#5
[rgReplace function]: cell#6
[rgReplace function]: cell#7
[rgReplace function]: cell#8
[rgReplace function]: cell#9
[Generate map]: combine the region to R168
[Generate map]: cursore in rowID 4
[Generate map]: cursore in cellID 0
[Generate map]: cursore in cellID 1
[Generate map]: combine region R174
[rgReplace function]: started.
[rgReplace function]: row#0
[rgReplace function]: cell#0
[Core failed]: Request Timeout. Response time exceeded
